101.07.09 15:07 B c:\tc2kone_asbuilt\ag0403e.pdf <-- virtualbob server /usr/local/html/httpdocs3/tc2kone ag0403e.pdf
101.07.09 15:07 B c:\tc2kone_asbuilt\agenda0320b.pdf <-- virtualbob server /usr/local/html/httpdocs3/tc2kone agenda0320b.pdf
101.07.09 15:07 B c:\tc2kone_asbuilt\agenda1.html <-- virtualbob server /usr/local/html/httpdocs3/tc2kone agenda1.html
101.07.09 15:07 B c:\tc2kone_asbuilt\alex2k1top.jpg <-- virtualbob server /usr/local/html/httpdocs3/tc2kone alex2k1top.jpg
101.07.09 15:07 B c:\tc2kone_asbuilt\alexis2k1.html <-- virtualbob server /usr/local/html/httpdocs3/tc2kone alexis2k1.html
101.07.09 15:07 B c:\tc2kone_asbuilt\alexis_reserv.pdf <-- virtualbob server /usr/local/html/httpdocs3/tc2kone alexis_reserv.pdf
101.07.09 15:07 B c:\tc2kone_asbuilt\bio_caleca2k1.html <-- virtualbob server /usr/local/html/httpdocs3/tc2kone bio_caleca2k1.html
101.07.09 15:07 B c:\tc2kone_asbuilt\bio_isnardi2k1.html <-- virtualbob server /usr/local/html/httpdocs3/tc2kone bio_isnardi2k1.html
101.07.09 15:07 B c:\tc2kone_asbuilt\bio_moroney2k1.html <-- virtualbob server /usr/local/html/httpdocs3/tc2kone bio_moroney2k1.html
101.07.09 15:07 B c:\tc2kone_asbuilt\bio_myers2k1.html <-- virtualbob server /usr/local/html/httpdocs3/tc2kone bio_myers2k1.html
101.07.09 15:07 B c:\tc2kone_asbuilt\bio_shapiro2k1.html <-- virtualbob server /usr/local/html/httpdocs3/tc2kone bio_shapiro2k1.html
101.07.09 15:07 B c:\tc2kone_asbuilt\bio_tanz2k1.html <-- virtualbob server /usr/local/html/httpdocs3/tc2kone bio_tanz2k1.html
101.07.09 15:07 B c:\tc2kone_asbuilt\bio_thomas2k1.html <-- virtualbob server /usr/local/html/httpdocs3/tc2kone bio_thomas2k1.html
101.07.09 15:07 B c:\tc2kone_asbuilt\biopage1.html <-- virtualbob server /usr/local/html/httpdocs3/tc2kone biopage1.html
101.07.09 15:07 B c:\tc2kone_asbuilt\events1.html <-- virtualbob server /usr/local/html/httpdocs3/tc2kone events1.html
101.07.09 15:07 B c:\tc2kone_asbuilt\index.html <-- virtualbob server /usr/local/html/httpdocs3/tc2kone index.html
101.07.09 15:07 B c:\tc2kone_asbuilt\library1.html <-- virtualbob server /usr/local/html/httpdocs3/tc2kone library1.html
101.07.09 15:07 B c:\tc2kone_asbuilt\main1.html <-- virtualbob server /usr/local/html/httpdocs3/tc2kone main1.html
101.07.09 15:07 B c:\tc2kone_asbuilt\news2k1.html <-- virtualbob server /usr/local/html/httpdocs3/tc2kone news2k1.html
101.07.09 15:07 B c:\tc2kone_asbuilt\other1.html <-- virtualbob server /usr/local/html/httpdocs3/tc2kone other1.html
101.07.09 15:07 B c:\tc2kone_asbuilt\ppt_build1.html <-- virtualbob server /usr/local/html/httpdocs3/tc2kone ppt_build1.html
101.07.09 15:07 B c:\tc2kone_asbuilt\ppt_templates.pdf <-- virtualbob server /usr/local/html/httpdocs3/tc2kone ppt_templates.pdf
101.07.09 15:07 B c:\tc2kone_asbuilt\precregform.pdf <-- virtualbob server /usr/local/html/httpdocs3/tc2kone precregform.pdf
101.07.09 15:07 B c:\tc2kone_asbuilt\regex1.html <-- virtualbob server /usr/local/html/httpdocs3/tc2kone regex1.html
101.07.09 15:07 B c:\tc2kone_asbuilt\regis2k1.doc <-- virtualbob server /usr/local/html/httpdocs3/tc2kone regis2k1.doc
101.07.09 15:07 B c:\tc2kone_asbuilt\regis2k1.pdf <-- virtualbob server /usr/local/html/httpdocs3/tc2kone regis2k1.pdf
101.07.09 15:07 B c:\tc2kone_asbuilt\regis2k1.rtf <-- virtualbob server /usr/local/html/httpdocs3/tc2kone regis2k1.rtf
101.07.09 15:07 B c:\tc2kone_asbuilt\spkr01.html <-- virtualbob server /usr/local/html/httpdocs3/tc2kone spkr01.html
101.07.09 15:07 B c:\tc2kone_asbuilt\sponsor1.html <-- virtualbob server /usr/local/html/httpdocs3/tc2kone sponsor1.html
101.07.09 15:07 B c:\tc2kone_asbuilt\tc2001arts1.ppt <-- virtualbob server /usr/local/html/httpdocs3/tc2kone tc2001arts1.ppt
101.07.09 15:07 B c:\tc2kone_asbuilt\tc2001gradient1.ppt <-- virtualbob server /usr/local/html/httpdocs3/tc2kone tc2001gradient1.ppt
101.07.09 15:08 B c:\tc2kone_asbuilt\tc2001photos1.ppt <-- virtualbob server /usr/local/html/httpdocs3/tc2kone tc2001photos1.ppt
101.07.09 15:08 B c:\tc2kone_asbuilt\thomson.html <-- virtualbob server /usr/local/html/httpdocs3/tc2kone thomson.html
101.07.09 15:08 B c:\tc2kone_asbuilt\travel1.html <-- virtualbob server /usr/local/html/httpdocs3/tc2kone travel1.html
101.07.09 15:08 B c:\tc2kone_asbuilt\vegasmap2001.pdf <-- virtualbob server /usr/local/html/httpdocs3/tc2kone vegasmap2001.pdf
